Using pre-set license
Built from '2020.3/staging' branch; Version is '2020.3.21f1 (a38c86f6690f) revision 10718342'; Using compiler version '192528614'; Build Type 'Release'
OS: 'Windows 10 Pro; OS build 19043.1466; Version 2009; 64bit' Language: 'tr' Physical Memory: 16257 MB
BatchMode: 1, IsHumanControllingUs: 0, StartBugReporterOnCrash: 0, Is64bit: 1, IsPro: 0

COMMAND LINE ARGUMENTS:
C:\Program Files\Unity\Hub\Editor\2020.3.21f1\Editor\Unity.exe
-adb2
-batchMode
-noUpm
-name
AssetImportWorker0
-projectPath
C:/Users/nazli/OneDrive/Belgeler/GitHub/Atm_Rush
-logFile
Logs/AssetImportWorker0.log
-srvPort
61556
Successfully changed project path to: C:/Users/nazli/OneDrive/Belgeler/GitHub/Atm_Rush
C:/Users/nazli/OneDrive/Belgeler/GitHub/Atm_Rush
Using Asset Import Pipeline V2.
Refreshing native plugins compatible for Editor in 58.61 ms, found 5 plugins.
Preloading 0 native plugins for Editor in 0.00 ms.
Initialize engine version: 2020.3.21f1 (a38c86f6690f)
[Subsystems] Discovering subsystems at path C:/Program Files/Unity/Hub/Editor/2020.3.21f1/Editor/Data/Resources/UnitySubsystems
[Subsystems] Discovering subsystems at path C:/Users/nazli/OneDrive/Belgeler/GitHub/Atm_Rush/Assets
GfxDevice: creating device client; threaded=0
Direct3D:
    Version:  Direct3D 11.0 [level 11.1]
    Renderer: NVIDIA GeForce GTX 1050 (ID=0x1c8d)
    Vendor:   
    VRAM:     1979 MB
    Driver:   30.0.14.7196
Initialize mono
Mono path[0] = 'C:/Program Files/Unity/Hub/Editor/2020.3.21f1/Editor/Data/Managed'
Mono path[1] = 'C:/Program Files/Unity/Hub/Editor/2020.3.21f1/Editor/Data/MonoBleedingEdge/lib/mono/unityjit'
Mono config path = 'C:/Program Files/Unity/Hub/Editor/2020.3.21f1/Editor/Data/MonoBleedingEdge/etc'
Using monoOptions --debugger-agent=transport=dt_socket,embedding=1,server=y,suspend=n,address=127.0.0.1:56568
Begin MonoManager ReloadAssembly
Registering precompiled unity dll's ...
Register platform support module: C:/Program Files/Unity/Hub/Editor/2020.3.21f1/Editor/Data/PlaybackEngines/WindowsStandaloneSupport/UnityEditor.WindowsStandalone.Extensions.dll
Registered in 0.002647 seconds.
Native extension for WindowsStandalone target not found
Refreshing native plugins compatible for Editor in 48.39 ms, found 5 plugins.
Preloading 0 native plugins for Editor in 0.00 ms.
Mono: successfully reloaded assembly
- Completed reload, in  2.398 seconds
Domain Reload Profiling:
	ReloadAssembly (2399ms)
		BeginReloadAssembly (73ms)
			ExecutionOrderSort (0ms)
			DisableScriptedObjects (0ms)
			BackupInstance (0ms)
			ReleaseScriptingObjects (0ms)
			CreateAndSetChildDomain (1ms)
		EndReloadAssembly (567ms)
			LoadAssemblies (69ms)
			RebuildTransferFunctionScriptingTraits (0ms)
			SetupTypeCache (188ms)
			ReleaseScriptCaches (0ms)
			RebuildScriptCaches (38ms)
			SetupLoadedEditorAssemblies (211ms)
				LogAssemblyErrors (0ms)
				InitializePlatformSupportModulesInManaged (5ms)
				SetLoadedEditorAssemblies (0ms)
				RefreshPlugins (48ms)
				BeforeProcessingInitializeOnLoad (16ms)
				ProcessInitializeOnLoadAttributes (105ms)
				ProcessInitializeOnLoadMethodAttributes (36ms)
				AfterProcessingInitializeOnLoad (0ms)
				EditorAssembliesLoaded (0ms)
			ExecutionOrderSort2 (0ms)
			AwakeInstancesAfterBackupRestoration (0ms)
Platform modules already initialized, skipping
Registering precompiled user dll's ...
Registered in 0.007333 seconds.
Begin MonoManager ReloadAssembly
Native extension for WindowsStandalone target not found
Refreshing native plugins compatible for Editor in 0.47 ms, found 5 plugins.
Preloading 0 native plugins for Editor in 0.00 ms.
Mono: successfully reloaded assembly
- Completed reload, in  1.656 seconds
Domain Reload Profiling:
	ReloadAssembly (1657ms)
		BeginReloadAssembly (224ms)
			ExecutionOrderSort (0ms)
			DisableScriptedObjects (5ms)
			BackupInstance (0ms)
			ReleaseScriptingObjects (0ms)
			CreateAndSetChildDomain (31ms)
		EndReloadAssembly (1317ms)
			LoadAssemblies (159ms)
			RebuildTransferFunctionScriptingTraits (0ms)
			SetupTypeCache (531ms)
			ReleaseScriptCaches (1ms)
			RebuildScriptCaches (97ms)
			SetupLoadedEditorAssemblies (382ms)
				LogAssemblyErrors (0ms)
				InitializePlatformSupportModulesInManaged (7ms)
				SetLoadedEditorAssemblies (0ms)
				RefreshPlugins (1ms)
				BeforeProcessingInitializeOnLoad (121ms)
				ProcessInitializeOnLoadAttributes (235ms)
				ProcessInitializeOnLoadMethodAttributes (12ms)
				AfterProcessingInitializeOnLoad (7ms)
				EditorAssembliesLoaded (0ms)
			ExecutionOrderSort2 (0ms)
			AwakeInstancesAfterBackupRestoration (7ms)
Platform modules already initialized, skipping
========================================================================
Worker process is ready to serve import requests
Launched and connected shader compiler UnityShaderCompiler.exe after 0.11 seconds
Refreshing native plugins compatible for Editor in 0.63 ms, found 5 plugins.
Preloading 0 native plugins for Editor in 0.00 ms.
Unloading 1986 Unused Serialized files (Serialized files now loaded: 0)
System memory in use before: 85.7 MB.
System memory in use after: 85.7 MB.

Unloading 29 unused Assets to reduce memory usage. Loaded Objects now: 2415.
Total: 3.901100 ms (FindLiveObjects: 0.313000 ms CreateObjectMapping: 0.151900 ms MarkObjects: 3.320700 ms  DeleteObjects: 0.112000 ms)

AssetImportParameters requested are different than current active one (requested -> active):
  custom:framework-win-MediaFoundation: 216162199b28c13a410421893ffa2e32 -> 
  custom:video-decoder-ogg-theora: a1e56fd34408186e4bbccfd4996cb3dc -> 
  custom:container-muxer-webm: aa71ff27fc2769a1b78a27578f13a17b -> 
  custom:container-demuxer-webm: 4f35f7cbe854078d1ac9338744f61a02 -> 
  custom:container-demuxer-ogg: 62fdf1f143b41e24485cea50d1cbac27 -> 
  custom:video-encoder-webm-vp8: eb34c28f22e8b96e1ab97ce403110664 -> 
  custom:video-decoder-webm-vp8: 9c59270c3fd7afecdb556c50c9e8de78 -> 
  custom:audio-decoder-ogg-vorbis: bf7c407c2cedff20999df2af8eb42d56 -> 
  custom:audio-encoder-webm-vorbis: bf7c407c2cedff20999df2af8eb42d56 -> 
========================================================================
Received Import Request.
  path: Assets/ATMRushAssets/Degistirme Gecidi Panel.png
  artifactKey: Guid(3c6366c636ee7434ebd615b3fa0afeb7) Importer(815301076,1909f56bfc062723c751e8b465ee728b)
Start importing Assets/ATMRushAssets/Degistirme Gecidi Panel.png using Guid(3c6366c636ee7434ebd615b3fa0afeb7) Importer(815301076,1909f56bfc062723c751e8b465ee728b)  -> (artifact id: '04ab82077dac2fca0fc484d7bb437baf') in 0.082181 seconds 
  Import took 0.085380 seconds .

========================================================================
Received Import Request.
  Time since last request: 0.000334 seconds.
  path: Assets/ATMRushAssets
  artifactKey: Guid(e92ffe7695f2443eeb07e883f71d8ec9) Importer(815301076,1909f56bfc062723c751e8b465ee728b)
Start importing Assets/ATMRushAssets using Guid(e92ffe7695f2443eeb07e883f71d8ec9) Importer(815301076,1909f56bfc062723c751e8b465ee728b)  -> (artifact id: 'e3b999fe4f6787b630403468d0e2acd1') in 0.010307 seconds 
  Import took 0.015089 seconds .

========================================================================
Received Import Request.
  Time since last request: 0.000503 seconds.
  path: Assets/ATMRushAssets/Banka.png
  artifactKey: Guid(b0c36ddcd682f43af8dc9c6e647167f2) Importer(815301076,1909f56bfc062723c751e8b465ee728b)
Start importing Assets/ATMRushAssets/Banka.png using Guid(b0c36ddcd682f43af8dc9c6e647167f2) Importer(815301076,1909f56bfc062723c751e8b465ee728b)  -> (artifact id: 'de691d4f525ba8b9e66c03db8883ba5f') in 0.021501 seconds 
  Import took 0.025766 seconds .

========================================================================
Received Import Request.
  Time since last request: 0.000380 seconds.
  path: Assets/ATMRushAssets/ATM RUSH Sahne.fbx
  artifactKey: Guid(05c3876472e70448085ed5edcb903f93) Importer(815301076,1909f56bfc062723c751e8b465ee728b)
Start importing Assets/ATMRushAssets/ATM RUSH Sahne.fbx using Guid(05c3876472e70448085ed5edcb903f93) Importer(815301076,1909f56bfc062723c751e8b465ee728b)  -> (artifact id: 'ec6a5f6b11c82ecffd759fdfabf77346') in 0.413403 seconds 
  Import took 0.417110 seconds .

========================================================================
Received Import Request.
  Time since last request: 0.000268 seconds.
  path: Assets/ATMRushAssets/Sallanan Engel.png
  artifactKey: Guid(f1a178334dd114435b645f13bf8d125d) Importer(815301076,1909f56bfc062723c751e8b465ee728b)
Start importing Assets/ATMRushAssets/Sallanan Engel.png using Guid(f1a178334dd114435b645f13bf8d125d) Importer(815301076,1909f56bfc062723c751e8b465ee728b)  -> (artifact id: 'a49a66ac799818c2fe983985162e0c89') in 0.015282 seconds 
  Import took 0.018751 seconds .

========================================================================
Received Import Request.
  Time since last request: 0.000332 seconds.
  path: Assets/ATMRushAssets/para.png
  artifactKey: Guid(805167e1d39d44cfe9994689f0842d1c) Importer(815301076,1909f56bfc062723c751e8b465ee728b)
Start importing Assets/ATMRushAssets/para.png using Guid(805167e1d39d44cfe9994689f0842d1c) Importer(815301076,1909f56bfc062723c751e8b465ee728b)  -> (artifact id: 'dbb57dbde1043c551d5cea5cae026ff5') in 0.021084 seconds 
  Import took 0.026477 seconds .

========================================================================
Received Import Request.
  Time since last request: 0.000361 seconds.
  path: Assets/ATMRushAssets/ATM.png
  artifactKey: Guid(87beff59feafc4b2fa84fc289f0e17a5) Importer(815301076,1909f56bfc062723c751e8b465ee728b)
Start importing Assets/ATMRushAssets/ATM.png using Guid(87beff59feafc4b2fa84fc289f0e17a5) Importer(815301076,1909f56bfc062723c751e8b465ee728b)  -> (artifact id: '06bd38124e5b5cb492d4406e8846bd96') in 0.018249 seconds 
  Import took 0.022775 seconds .

========================================================================
Received Import Request.
  Time since last request: 0.000533 seconds.
  path: Assets/ATMRushAssets/El Texture.png
  artifactKey: Guid(1048e314b9fae4789a6eebe5271874dc) Importer(815301076,1909f56bfc062723c751e8b465ee728b)
Start importing Assets/ATMRushAssets/El Texture.png using Guid(1048e314b9fae4789a6eebe5271874dc) Importer(815301076,1909f56bfc062723c751e8b465ee728b)  -> (artifact id: '4ef42d822ee4f898344139ea79bece9e') in 0.017204 seconds 
  Import took 0.022943 seconds .

========================================================================
Received Import Request.
  Time since last request: 0.000414 seconds.
  path: Assets/ATMRushAssets/saksi.png
  artifactKey: Guid(3b7ba13f4c36e41a09a52bbc87658573) Importer(815301076,1909f56bfc062723c751e8b465ee728b)
Start importing Assets/ATMRushAssets/saksi.png using Guid(3b7ba13f4c36e41a09a52bbc87658573) Importer(815301076,1909f56bfc062723c751e8b465ee728b)  -> (artifact id: '63de355cd469847722b0cbabb5871250') in 0.016715 seconds 
  Import took 0.022048 seconds .

========================================================================
Received Import Request.
  Time since last request: 0.000347 seconds.
  path: Assets/ATMRushAssets/Atm_Rush_Character_Animation.fbx
  artifactKey: Guid(09cc157142fb6433795275ec1874873a) Importer(815301076,1909f56bfc062723c751e8b465ee728b)
Start importing Assets/ATMRushAssets/Atm_Rush_Character_Animation.fbx using Guid(09cc157142fb6433795275ec1874873a) Importer(815301076,1909f56bfc062723c751e8b465ee728b)  -> (artifact id: 'b0cf488a6237c76ceb6091a69b492af5') in 0.131291 seconds 
  Import took 0.135856 seconds .

========================================================================
Received Import Request.
  Time since last request: 0.000259 seconds.
  path: Assets/ATMRushAssets/yürüyen zemin.png
  artifactKey: Guid(84929013f84a64cf7a2491372e8c263b) Importer(815301076,1909f56bfc062723c751e8b465ee728b)
Start importing Assets/ATMRushAssets/yürüyen zemin.png using Guid(84929013f84a64cf7a2491372e8c263b) Importer(815301076,1909f56bfc062723c751e8b465ee728b)  -> (artifact id: '8559f37a328986730d848783fd654860') in 0.016071 seconds 
  Import took 0.019483 seconds .

========================================================================
Received Import Request.
  Time since last request: 0.000314 seconds.
  path: Assets/ATMRushAssets/kart 01.png
  artifactKey: Guid(9c6794330c961428680090d458219ddf) Importer(815301076,1909f56bfc062723c751e8b465ee728b)
Start importing Assets/ATMRushAssets/kart 01.png using Guid(9c6794330c961428680090d458219ddf) Importer(815301076,1909f56bfc062723c751e8b465ee728b)  -> (artifact id: '6685d6a9fcf644963b84932eb4ecc866') in 0.020028 seconds 
  Import took 0.023404 seconds .

========================================================================
Received Import Request.
  Time since last request: 0.000258 seconds.
  path: Assets/ATMRushAssets/Atm_Rush_Skybox.png
  artifactKey: Guid(130e0fd0d809649b5a35018aafb6c984) Importer(815301076,1909f56bfc062723c751e8b465ee728b)
Start importing Assets/ATMRushAssets/Atm_Rush_Skybox.png using Guid(130e0fd0d809649b5a35018aafb6c984) Importer(815301076,1909f56bfc062723c751e8b465ee728b)  -> (artifact id: '145efca19ffa3de088de1581051325be') in 0.017136 seconds 
  Import took 0.021348 seconds .

========================================================================
Received Import Request.
  Time since last request: 0.000353 seconds.
  path: Assets/ATMRushAssets/Banka 1.png
  artifactKey: Guid(caa8e9347288f4e049b6ccf17817319f) Importer(815301076,1909f56bfc062723c751e8b465ee728b)
Start importing Assets/ATMRushAssets/Banka 1.png using Guid(caa8e9347288f4e049b6ccf17817319f) Importer(815301076,1909f56bfc062723c751e8b465ee728b)  -> (artifact id: '4c37571f922c86739e9d8aea9106071d') in 0.021894 seconds 
  Import took 0.027388 seconds .

========================================================================
Received Import Request.
  Time since last request: 0.000315 seconds.
  path: Assets/ATMRushAssets/Degistirme Gecidi Panel Yesil Transparan.png
  artifactKey: Guid(6bccdb6ec97dd468887d35cfa9cd0f83) Importer(815301076,1909f56bfc062723c751e8b465ee728b)
Start importing Assets/ATMRushAssets/Degistirme Gecidi Panel Yesil Transparan.png using Guid(6bccdb6ec97dd468887d35cfa9cd0f83) Importer(815301076,1909f56bfc062723c751e8b465ee728b)  -> (artifact id: '8fa3baeca2d25b989a064b18b506a850') in 0.021190 seconds 
  Import took 0.026754 seconds .

========================================================================
Received Import Request.
  Time since last request: 66.747133 seconds.
  path: Assets/ATMRushAssets/Degistirme Gecidi Panel Yesil Transparan.png
  artifactKey: Guid(6bccdb6ec97dd468887d35cfa9cd0f83) Importer(815301076,1909f56bfc062723c751e8b465ee728b)
Start importing Assets/ATMRushAssets/Degistirme Gecidi Panel Yesil Transparan.png using Guid(6bccdb6ec97dd468887d35cfa9cd0f83) Importer(815301076,1909f56bfc062723c751e8b465ee728b)  -> (artifact id: '104be5140d7e4cf598d00f97e224d7a6') in 0.036868 seconds 
  Import took 0.043645 seconds .

========================================================================
Received Import Request.
  Time since last request: 202.550918 seconds.
  path: Assets/Scripts
  artifactKey: Guid(2a3e4e961f5df49c695cdc65acc5f3b3) Importer(815301076,1909f56bfc062723c751e8b465ee728b)
Start importing Assets/Scripts using Guid(2a3e4e961f5df49c695cdc65acc5f3b3) Importer(815301076,1909f56bfc062723c751e8b465ee728b)  -> (artifact id: 'c2e245c3e336c8c74ea56fe033791984') in 0.009981 seconds 
  Import took 0.015430 seconds .

========================================================================
Received Import Request.
  Time since last request: 3.748278 seconds.
  path: Assets/Scripts/Sarkac.cs
  artifactKey: Guid(5f8fcdf37c4944542ace926befa15b37) Importer(815301076,1909f56bfc062723c751e8b465ee728b)
Start importing Assets/Scripts/Sarkac.cs using Guid(5f8fcdf37c4944542ace926befa15b37) Importer(815301076,1909f56bfc062723c751e8b465ee728b)  -> (artifact id: 'fb35ca690f5779ffd5d49c22a2b08071') in 0.010959 seconds 
  Import took 0.015548 seconds .

========================================================================
Received Prepare
Registering precompiled user dll's ...
Registered in 0.006235 seconds.
Begin MonoManager ReloadAssembly
Native extension for WindowsStandalone target not found
Refreshing native plugins compatible for Editor in 1.64 ms, found 5 plugins.
Preloading 0 native plugins for Editor in 0.00 ms.
Mono: successfully reloaded assembly
- Completed reload, in  1.381 seconds
Domain Reload Profiling:
	ReloadAssembly (1381ms)
		BeginReloadAssembly (118ms)
			ExecutionOrderSort (0ms)
			DisableScriptedObjects (5ms)
			BackupInstance (0ms)
			ReleaseScriptingObjects (0ms)
			CreateAndSetChildDomain (38ms)
		EndReloadAssembly (1183ms)
			LoadAssemblies (104ms)
			RebuildTransferFunctionScriptingTraits (0ms)
			SetupTypeCache (455ms)
			ReleaseScriptCaches (3ms)
			RebuildScriptCaches (55ms)
			SetupLoadedEditorAssemblies (435ms)
				LogAssemblyErrors (0ms)
				InitializePlatformSupportModulesInManaged (5ms)
				SetLoadedEditorAssemblies (0ms)
				RefreshPlugins (2ms)
				BeforeProcessingInitializeOnLoad (117ms)
				ProcessInitializeOnLoadAttributes (294ms)
				ProcessInitializeOnLoadMethodAttributes (9ms)
				AfterProcessingInitializeOnLoad (7ms)
				EditorAssembliesLoaded (0ms)
			ExecutionOrderSort2 (0ms)
			AwakeInstancesAfterBackupRestoration (6ms)
Platform modules already initialized, skipping
Refreshing native plugins compatible for Editor in 0.53 ms, found 5 plugins.
Preloading 0 native plugins for Editor in 0.00 ms.
Unloading 1956 Unused Serialized files (Serialized files now loaded: 0)
System memory in use before: 100.4 MB.
System memory in use after: 100.5 MB.

Unloading 25 unused Assets to reduce memory usage. Loaded Objects now: 2464.
Total: 3.469500 ms (FindLiveObjects: 0.300900 ms CreateObjectMapping: 0.172300 ms MarkObjects: 2.966700 ms  DeleteObjects: 0.028600 ms)

AssetImportParameters requested are different than current active one (requested -> active):
  custom:framework-win-MediaFoundation: 216162199b28c13a410421893ffa2e32 -> 
  custom:video-decoder-ogg-theora: a1e56fd34408186e4bbccfd4996cb3dc -> 
  custom:container-muxer-webm: aa71ff27fc2769a1b78a27578f13a17b -> 
  custom:container-demuxer-webm: 4f35f7cbe854078d1ac9338744f61a02 -> 
  custom:container-demuxer-ogg: 62fdf1f143b41e24485cea50d1cbac27 -> 
  custom:video-encoder-webm-vp8: eb34c28f22e8b96e1ab97ce403110664 -> 
  custom:video-decoder-webm-vp8: 9c59270c3fd7afecdb556c50c9e8de78 -> 
  custom:audio-decoder-ogg-vorbis: bf7c407c2cedff20999df2af8eb42d56 -> 
  custom:audio-encoder-webm-vorbis: bf7c407c2cedff20999df2af8eb42d56 -> 
========================================================================
Received Import Request.
  Time since last request: 187.917834 seconds.
  path: Assets/materials
  artifactKey: Guid(5593d254fb9d94a26871ff95492e85f4) Importer(815301076,1909f56bfc062723c751e8b465ee728b)
Start importing Assets/materials using Guid(5593d254fb9d94a26871ff95492e85f4) Importer(815301076,1909f56bfc062723c751e8b465ee728b)  -> (artifact id: '555b24b46eaf3cfb2707bb6c1d1edd1d') in 0.015233 seconds 
  Import took 0.018541 seconds .

========================================================================
Received Import Request.
  Time since last request: 0.051367 seconds.
  path: Assets/materials/Material.mat
  artifactKey: Guid(110bf1850ea4146abb319d265871df02) Importer(815301076,1909f56bfc062723c751e8b465ee728b)
Start importing Assets/materials/Material.mat using Guid(110bf1850ea4146abb319d265871df02) Importer(815301076,1909f56bfc062723c751e8b465ee728b)  -> (artifact id: 'fa321c18590a0a679eba6cb2a5fdd704') in 0.066363 seconds 
  Import took 0.070384 seconds .

========================================================================
Received Import Request.
  Time since last request: 0.000303 seconds.
  path: Assets/materials/New Material 3.mat
  artifactKey: Guid(b3817e960596b40099903f4bd6abac9a) Importer(815301076,1909f56bfc062723c751e8b465ee728b)
Start importing Assets/materials/New Material 3.mat using Guid(b3817e960596b40099903f4bd6abac9a) Importer(815301076,1909f56bfc062723c751e8b465ee728b)  -> (artifact id: 'b9d7ecf85960ec5ed824499e45a4da33') in 0.019434 seconds 
  Import took 0.023205 seconds .

========================================================================
Received Import Request.
  Time since last request: 0.000505 seconds.
  path: Assets/materials/New Material.mat
  artifactKey: Guid(19afed2787db14bf4bba65441e768ec0) Importer(815301076,1909f56bfc062723c751e8b465ee728b)
Start importing Assets/materials/New Material.mat using Guid(19afed2787db14bf4bba65441e768ec0) Importer(815301076,1909f56bfc062723c751e8b465ee728b)  -> (artifact id: '593ec12a4e5cd6310272ab12024ae42b') in 0.019743 seconds 
  Import took 0.025195 seconds .

========================================================================
Received Import Request.
  Time since last request: 0.000683 seconds.
  path: Assets/materials/New Material 2.mat
  artifactKey: Guid(54a79c2e3da2c4c97b990462b6be3f1c) Importer(815301076,1909f56bfc062723c751e8b465ee728b)
Start importing Assets/materials/New Material 2.mat using Guid(54a79c2e3da2c4c97b990462b6be3f1c) Importer(815301076,1909f56bfc062723c751e8b465ee728b)  -> (artifact id: 'ad055109a31b14ef46e730427476e211') in 0.020261 seconds 
  Import took 0.026557 seconds .

========================================================================
Received Import Request.
  Time since last request: 173.531905 seconds.
  path: Assets
  artifactKey: Guid(00000000000000001000000000000000) Importer(815301076,1909f56bfc062723c751e8b465ee728b)
Start importing Assets using Guid(00000000000000001000000000000000) Importer(815301076,1909f56bfc062723c751e8b465ee728b)  -> (artifact id: '42d402b061de3733987d63b9cc3b64de') in 0.012653 seconds 
  Import took 0.018197 seconds .

========================================================================
Received Import Request.
  Time since last request: 7.636986 seconds.
  path: Assets/Animations
  artifactKey: Guid(64927b54f71acb547bc08524ce8e4277) Importer(815301076,1909f56bfc062723c751e8b465ee728b)
Start importing Assets/Animations using Guid(64927b54f71acb547bc08524ce8e4277) Importer(815301076,1909f56bfc062723c751e8b465ee728b)  -> (artifact id: '006f552128c851fe308d288b14a4b2fa') in 0.008908 seconds 
  Import took 0.013265 seconds .

========================================================================
Received Import Request.
  Time since last request: 4.528008 seconds.
  path: Assets/Animations/xbot@Sitting.fbx
  artifactKey: Guid(75cd9820571765248b2f70f7b1a58faa) Importer(815301076,1909f56bfc062723c751e8b465ee728b)
Start importing Assets/Animations/xbot@Sitting.fbx using Guid(75cd9820571765248b2f70f7b1a58faa) Importer(815301076,1909f56bfc062723c751e8b465ee728b)  -> (artifact id: '3904d8c652dd6cadf91d332089518762') in 0.053781 seconds 
  Import took 0.071773 seconds .

========================================================================
Received Import Request.
  Time since last request: 15.249546 seconds.
  path: Assets/Animations/xbot@Sitting.fbx
  artifactKey: Guid(75cd9820571765248b2f70f7b1a58faa) Importer(815301076,1909f56bfc062723c751e8b465ee728b)
Start importing Assets/Animations/xbot@Sitting.fbx using Guid(75cd9820571765248b2f70f7b1a58faa) Importer(815301076,1909f56bfc062723c751e8b465ee728b)  -> (artifact id: '92932e9c1d990d397c4c9c7b88e1e2cb') in 0.013336 seconds 
  Import took 0.018862 seconds .

========================================================================
Received Import Request.
  Time since last request: 13.375117 seconds.
  path: Assets/ATMRushAssets/chartecter.controller
  artifactKey: Guid(6443f1c070be24e5dae92d31e563e0d4) Importer(815301076,1909f56bfc062723c751e8b465ee728b)
Start importing Assets/ATMRushAssets/chartecter.controller using Guid(6443f1c070be24e5dae92d31e563e0d4) Importer(815301076,1909f56bfc062723c751e8b465ee728b)  -> (artifact id: '70053a64e47ac511ca3204aeeabe56d4') in 0.025664 seconds 
  Import took 0.030174 seconds .

========================================================================
Received Prepare
Registering precompiled user dll's ...
Registered in 0.008675 seconds.
Begin MonoManager ReloadAssembly
Native extension for WindowsStandalone target not found
Refreshing native plugins compatible for Editor in 0.52 ms, found 5 plugins.
Preloading 0 native plugins for Editor in 0.00 ms.
Mono: successfully reloaded assembly
- Completed reload, in  1.261 seconds
Domain Reload Profiling:
	ReloadAssembly (1261ms)
		BeginReloadAssembly (158ms)
			ExecutionOrderSort (0ms)
			DisableScriptedObjects (4ms)
			BackupInstance (0ms)
			ReleaseScriptingObjects (0ms)
			CreateAndSetChildDomain (43ms)
		EndReloadAssembly (1023ms)
			LoadAssemblies (120ms)
			RebuildTransferFunctionScriptingTraits (0ms)
			SetupTypeCache (372ms)
			ReleaseScriptCaches (2ms)
			RebuildScriptCaches (73ms)
			SetupLoadedEditorAssemblies (359ms)
				LogAssemblyErrors (0ms)
				InitializePlatformSupportModulesInManaged (7ms)
				SetLoadedEditorAssemblies (0ms)
				RefreshPlugins (1ms)
				BeforeProcessingInitializeOnLoad (130ms)
				ProcessInitializeOnLoadAttributes (205ms)
				ProcessInitializeOnLoadMethodAttributes (10ms)
				AfterProcessingInitializeOnLoad (6ms)
				EditorAssembliesLoaded (0ms)
			ExecutionOrderSort2 (0ms)
			AwakeInstancesAfterBackupRestoration (8ms)
Platform modules already initialized, skipping
Refreshing native plugins compatible for Editor in 0.53 ms, found 5 plugins.
Preloading 0 native plugins for Editor in 0.00 ms.
Unloading 1956 Unused Serialized files (Serialized files now loaded: 0)
System memory in use before: 100.4 MB.
System memory in use after: 100.5 MB.

Unloading 24 unused Assets to reduce memory usage. Loaded Objects now: 2467.
Total: 4.352200 ms (FindLiveObjects: 0.186000 ms CreateObjectMapping: 0.060700 ms MarkObjects: 4.080200 ms  DeleteObjects: 0.024300 ms)

AssetImportParameters requested are different than current active one (requested -> active):
  custom:framework-win-MediaFoundation: 216162199b28c13a410421893ffa2e32 -> 
  custom:video-decoder-ogg-theora: a1e56fd34408186e4bbccfd4996cb3dc -> 
  custom:container-muxer-webm: aa71ff27fc2769a1b78a27578f13a17b -> 
  custom:container-demuxer-webm: 4f35f7cbe854078d1ac9338744f61a02 -> 
  custom:container-demuxer-ogg: 62fdf1f143b41e24485cea50d1cbac27 -> 
  custom:video-encoder-webm-vp8: eb34c28f22e8b96e1ab97ce403110664 -> 
  custom:video-decoder-webm-vp8: 9c59270c3fd7afecdb556c50c9e8de78 -> 
  custom:audio-decoder-ogg-vorbis: bf7c407c2cedff20999df2af8eb42d56 -> 
  custom:audio-encoder-webm-vorbis: bf7c407c2cedff20999df2af8eb42d56 -> 
========================================================================
Received Import Request.
  Time since last request: 289.959520 seconds.
  path: Assets/Lean/Common/Examples/Materials/Black.mat
  artifactKey: Guid(72c44f820e292664ead684b85643fada) Importer(815301076,1909f56bfc062723c751e8b465ee728b)
Start importing Assets/Lean/Common/Examples/Materials/Black.mat using Guid(72c44f820e292664ead684b85643fada) Importer(815301076,1909f56bfc062723c751e8b465ee728b)  -> (artifact id: 'eb8b1b3ece2518740bd1fd1ee6b38bcd') in 0.092642 seconds 
  Import took 0.097185 seconds .

========================================================================
Received Import Request.
  Time since last request: 0.000480 seconds.
  path: Assets/Lean/Common/Examples/Materials/Blue.mat
  artifactKey: Guid(69c3c648559bfd34eaae3ff327107596) Importer(815301076,1909f56bfc062723c751e8b465ee728b)
Start importing Assets/Lean/Common/Examples/Materials/Blue.mat using Guid(69c3c648559bfd34eaae3ff327107596) Importer(815301076,1909f56bfc062723c751e8b465ee728b)  -> (artifact id: '00cdaef6611bd9b55e48d790253454f7') in 0.020485 seconds 
  Import took 0.025205 seconds .

========================================================================
Received Import Request.
  Time since last request: 0.903398 seconds.
  path: Assets/Lean/Common/Examples/Materials/Circuit.mat
  artifactKey: Guid(2fba2ab79a742fc4380f0e83399f9fb6) Importer(815301076,1909f56bfc062723c751e8b465ee728b)
Start importing Assets/Lean/Common/Examples/Materials/Circuit.mat using Guid(2fba2ab79a742fc4380f0e83399f9fb6) Importer(815301076,1909f56bfc062723c751e8b465ee728b)  -> (artifact id: 'e0aeffeaf742f4009f6e3b4fb0a45cf5') in 0.022203 seconds 
  Import took 0.026572 seconds .

========================================================================
Received Import Request.
  Time since last request: 0.000439 seconds.
  path: Assets/ATMRushAssets/Materials/Degistirme Gecidi Panel Yesil Transparan.mat
  artifactKey: Guid(92985d6ba4e09c2418b92633ec2b0ad8) Importer(815301076,1909f56bfc062723c751e8b465ee728b)
Start importing Assets/ATMRushAssets/Materials/Degistirme Gecidi Panel Yesil Transparan.mat using Guid(92985d6ba4e09c2418b92633ec2b0ad8) Importer(815301076,1909f56bfc062723c751e8b465ee728b)  -> (artifact id: '58efa93869afb79f09069244f4432e3e') in 0.032656 seconds 
  Import took 0.037489 seconds .

========================================================================
Received Import Request.
  Time since last request: 10.127924 seconds.
  path: Assets/TransparantDoor.mat
  artifactKey: Guid(e69a4a7a0f462414bba0a6b4fce9cc6c) Importer(815301076,1909f56bfc062723c751e8b465ee728b)
Start importing Assets/TransparantDoor.mat using Guid(e69a4a7a0f462414bba0a6b4fce9cc6c) Importer(815301076,1909f56bfc062723c751e8b465ee728b)  -> (artifact id: '1913cbff9d5cf9d5a6c6f893d860faf6') in 0.020212 seconds 
  Import took 0.025831 seconds .

========================================================================
Received Import Request.
  Time since last request: 56.141375 seconds.
  path: Assets/Lean/Touch/Examples/Media/ArrowCurve.png
  artifactKey: Guid(f57dfffc64d3e8040812ea901d65b96f) Importer(815301076,1909f56bfc062723c751e8b465ee728b)
Start importing Assets/Lean/Touch/Examples/Media/ArrowCurve.png using Guid(f57dfffc64d3e8040812ea901d65b96f) Importer(815301076,1909f56bfc062723c751e8b465ee728b)  -> (artifact id: '8f837d0e45cd6b85876a3c8b153a6a6d') in 0.046734 seconds 
  Import took 0.052091 seconds .

========================================================================
Received Import Request.
  Time since last request: 0.000367 seconds.
  path: Assets/Lean/Touch/Examples/Media/ArrowStraight.png
  artifactKey: Guid(f613827a3c667ec40b5b739c13f5524c) Importer(815301076,1909f56bfc062723c751e8b465ee728b)
Start importing Assets/Lean/Touch/Examples/Media/ArrowStraight.png using Guid(f613827a3c667ec40b5b739c13f5524c) Importer(815301076,1909f56bfc062723c751e8b465ee728b)  -> (artifact id: '6881fe57743d4a8e1ff6e7401ad5d5b9') in 0.049306 seconds 
  Import took 0.053811 seconds .

========================================================================
Received Import Request.
  Time since last request: 0.000405 seconds.
  path: Assets/Lean/Touch/Examples/Media/ArrowTwist.png
  artifactKey: Guid(7b25799558afacf429800c96974fe5e3) Importer(815301076,1909f56bfc062723c751e8b465ee728b)
Start importing Assets/Lean/Touch/Examples/Media/ArrowTwist.png using Guid(7b25799558afacf429800c96974fe5e3) Importer(815301076,1909f56bfc062723c751e8b465ee728b)  -> (artifact id: '06de5b87fd4d306fc7428d094e2ffdbf') in 0.024707 seconds 
  Import took 0.029878 seconds .

========================================================================
Received Import Request.
  Time since last request: 0.000364 seconds.
  path: Assets/Lean/Touch/Examples/Media/BigLogo+.png
  artifactKey: Guid(864e18f746f74c347b411bcb8a69d426) Importer(815301076,1909f56bfc062723c751e8b465ee728b)
Start importing Assets/Lean/Touch/Examples/Media/BigLogo+.png using Guid(864e18f746f74c347b411bcb8a69d426) Importer(815301076,1909f56bfc062723c751e8b465ee728b)  -> (artifact id: '86f431c2dbaa64c0d7dc54e98a35fa65') in 0.027746 seconds 
  Import took 0.036499 seconds .

========================================================================
Received Import Request.
  Time since last request: 6.709334 seconds.
  path: Assets/Lean/Touch/Examples/Media/Button.png
  artifactKey: Guid(8a0cc84177a110a4085a6fb7ae39a04f) Importer(815301076,1909f56bfc062723c751e8b465ee728b)
Start importing Assets/Lean/Touch/Examples/Media/Button.png using Guid(8a0cc84177a110a4085a6fb7ae39a04f) Importer(815301076,1909f56bfc062723c751e8b465ee728b)  -> (artifact id: 'ef56cbac77e37fa8b7ced22274604f2a') in 0.019482 seconds 
  Import took 0.024248 seconds .

========================================================================
Received Import Request.
  Time since last request: 0.000451 seconds.
  path: Assets/Lean/Touch+/Examples/Media/ButtonCircle.png
  artifactKey: Guid(a761dc4c77b251f47a51eef9fd12f8cd) Importer(815301076,1909f56bfc062723c751e8b465ee728b)
Start importing Assets/Lean/Touch+/Examples/Media/ButtonCircle.png using Guid(a761dc4c77b251f47a51eef9fd12f8cd) Importer(815301076,1909f56bfc062723c751e8b465ee728b)  -> (artifact id: '99ec219f6092845006834219ada42ac1') in 0.023718 seconds 
  Import took 0.027009 seconds .

========================================================================
Received Import Request.
  Time since last request: 0.056373 seconds.
  path: Assets/Lean/Touch/Examples/Media/Circle.png
  artifactKey: Guid(9150d7e95bbb6664f9003b200188f544) Importer(815301076,1909f56bfc062723c751e8b465ee728b)
Start importing Assets/Lean/Touch/Examples/Media/Circle.png using Guid(9150d7e95bbb6664f9003b200188f544) Importer(815301076,1909f56bfc062723c751e8b465ee728b)  -> (artifact id: 'f13021ab8eafed5991c332c972334514') in 0.030439 seconds 
  Import took 0.036001 seconds .

========================================================================
Received Import Request.
  Time since last request: 13.602383 seconds.
  path: Assets/Lean/Common/Examples/Textures/Description.png
  artifactKey: Guid(e3c3aac37d6032c408e6fb79c8b30f96) Importer(815301076,1909f56bfc062723c751e8b465ee728b)
Start importing Assets/Lean/Common/Examples/Textures/Description.png using Guid(e3c3aac37d6032c408e6fb79c8b30f96) Importer(815301076,1909f56bfc062723c751e8b465ee728b)  -> (artifact id: '6e70e75bbd393c9cf138c18ba277a39e') in 0.018326 seconds 
  Import took 0.022026 seconds .

========================================================================
Received Import Request.
  Time since last request: 0.000291 seconds.
  path: Assets/Lean/Touch+/Examples/Media/Dotted 1.png
  artifactKey: Guid(72f3b20cb6b29a241a19ae84f718b70c) Importer(815301076,1909f56bfc062723c751e8b465ee728b)
Start importing Assets/Lean/Touch+/Examples/Media/Dotted 1.png using Guid(72f3b20cb6b29a241a19ae84f718b70c) Importer(815301076,1909f56bfc062723c751e8b465ee728b)  -> (artifact id: '80ea44b705b8a4240d3f7edc01515480') in 0.019224 seconds 
  Import took 0.022269 seconds .

========================================================================
Received Import Request.
  Time since last request: 0.000341 seconds.
  path: Assets/Lean/Touch/Examples/Media/GlowingDot.png
  artifactKey: Guid(9901a65a1d946ed4db1bc132812d1f0b) Importer(815301076,1909f56bfc062723c751e8b465ee728b)
Start importing Assets/Lean/Touch/Examples/Media/GlowingDot.png using Guid(9901a65a1d946ed4db1bc132812d1f0b) Importer(815301076,1909f56bfc062723c751e8b465ee728b)  -> (artifact id: 'bac57df32c66f50fd0b3f7869929f652') in 0.024389 seconds 
  Import took 0.028877 seconds .

========================================================================
Received Import Request.
  Time since last request: 0.000326 seconds.
  path: Assets/Plugins/Demigiant/DOTween/Editor/Imgs/Footer_dark.png
  artifactKey: Guid(519694efe2bb2914788b151fbd8c01f4) Importer(815301076,1909f56bfc062723c751e8b465ee728b)
Start importing Assets/Plugins/Demigiant/DOTween/Editor/Imgs/Footer_dark.png using Guid(519694efe2bb2914788b151fbd8c01f4) Importer(815301076,1909f56bfc062723c751e8b465ee728b)  -> (artifact id: 'dd44845e604df907e7d39288d13cb467') in 0.019433 seconds 
  Import took 0.022572 seconds .

========================================================================
Received Import Request.
  Time since last request: 0.000331 seconds.
  path: Assets/Plugins/Demigiant/DOTween/Editor/Imgs/DOTweenIcon.png
  artifactKey: Guid(8da095e39e9b4df488dfd436f81116d6) Importer(815301076,1909f56bfc062723c751e8b465ee728b)
Start importing Assets/Plugins/Demigiant/DOTween/Editor/Imgs/DOTweenIcon.png using Guid(8da095e39e9b4df488dfd436f81116d6) Importer(815301076,1909f56bfc062723c751e8b465ee728b)  -> (artifact id: '2388a4dbfaeb84b0169f4f3cffc27af4') in 0.018710 seconds 
  Import took 0.024065 seconds .

========================================================================
Received Import Request.
  Time since last request: 0.000394 seconds.
  path: Assets/Plugins/Demigiant/DOTween/Editor/Imgs/DOTweenMiniIcon.png
  artifactKey: Guid(61521df2e071645488ba3d05e49289ae) Importer(815301076,1909f56bfc062723c751e8b465ee728b)
Start importing Assets/Plugins/Demigiant/DOTween/Editor/Imgs/DOTweenMiniIcon.png using Guid(61521df2e071645488ba3d05e49289ae) Importer(815301076,1909f56bfc062723c751e8b465ee728b)  -> (artifact id: '7e2be61e2c8a6564828c915b3d9f8f2b') in 0.014991 seconds 
  Import took 0.019447 seconds .

========================================================================
Received Import Request.
  Time since last request: 2.465617 seconds.
  path: Assets/Plugins/Demigiant/DOTween/Editor/Imgs/Header.jpg
  artifactKey: Guid(78a59ca99f8987941adb61f9e14a06a7) Importer(815301076,1909f56bfc062723c751e8b465ee728b)
Start importing Assets/Plugins/Demigiant/DOTween/Editor/Imgs/Header.jpg using Guid(78a59ca99f8987941adb61f9e14a06a7) Importer(815301076,1909f56bfc062723c751e8b465ee728b)  -> (artifact id: 'd489c87f8f444462b8c773d9ac576812') in 0.019327 seconds 
  Import took 0.023346 seconds .

========================================================================
Received Import Request.
  Time since last request: 20.553518 seconds.
  path: Assets/Lean/Common/Examples/Textures/Grid.png
  artifactKey: Guid(026cfa8e99aa0914faa770f5d4c58a23) Importer(815301076,1909f56bfc062723c751e8b465ee728b)
Start importing Assets/Lean/Common/Examples/Textures/Grid.png using Guid(026cfa8e99aa0914faa770f5d4c58a23) Importer(815301076,1909f56bfc062723c751e8b465ee728b)  -> (artifact id: 'b3b6230c09ba9220ff22c97cb7976c6b') in 0.014071 seconds 
  Import took 0.017895 seconds .

========================================================================
Received Import Request.
  Time since last request: 0.000278 seconds.
  path: Assets/Lean/Touch+/Examples/Media/SelectionDashesH.png
  artifactKey: Guid(1820159804483e140ad45f5bd8598207) Importer(815301076,1909f56bfc062723c751e8b465ee728b)
Start importing Assets/Lean/Touch+/Examples/Media/SelectionDashesH.png using Guid(1820159804483e140ad45f5bd8598207) Importer(815301076,1909f56bfc062723c751e8b465ee728b)  -> (artifact id: 'd34ff47db3a89b1eec6e0760ffd6c002') in 0.020403 seconds 
  Import took 0.024106 seconds .

========================================================================
Received Import Request.
  Time since last request: 0.000604 seconds.
  path: Assets/TextMesh Pro/Resources/Fonts & Materials/LiberationSans SDF - Fallback.asset
  artifactKey: Guid(2e498d1c8094910479dc3e1b768306a4) Importer(815301076,1909f56bfc062723c751e8b465ee728b)
Start importing Assets/TextMesh Pro/Resources/Fonts & Materials/LiberationSans SDF - Fallback.asset using Guid(2e498d1c8094910479dc3e1b768306a4) Importer(815301076,1909f56bfc062723c751e8b465ee728b)  -> (artifact id: 'b8c2210586957436df79bf961aeff06e') in 0.081134 seconds 
  Import took 0.086449 seconds .

========================================================================
Received Import Request.
  Time since last request: 0.000461 seconds.
  path: Assets/TextMesh Pro/Resources/Fonts & Materials/LiberationSans SDF.asset
  artifactKey: Guid(8f586378b4e144a9851e7b34d9b748ee) Importer(815301076,1909f56bfc062723c751e8b465ee728b)
Start importing Assets/TextMesh Pro/Resources/Fonts & Materials/LiberationSans SDF.asset using Guid(8f586378b4e144a9851e7b34d9b748ee) Importer(815301076,1909f56bfc062723c751e8b465ee728b)  -> (artifact id: 'f1280cc7be10b532b2897fc8654f95d3') in 0.085904 seconds 
  Import took 0.091093 seconds .

========================================================================
Received Import Request.
  Time since last request: 0.000508 seconds.
  path: Assets/Lean/Touch+/Examples/Media/Power Indicator.png
  artifactKey: Guid(4f43780b903cd9443977eacb91efd360) Importer(815301076,1909f56bfc062723c751e8b465ee728b)
Start importing Assets/Lean/Touch+/Examples/Media/Power Indicator.png using Guid(4f43780b903cd9443977eacb91efd360) Importer(815301076,1909f56bfc062723c751e8b465ee728b)  -> (artifact id: 'daf86ac61a1c31ac0eba96d3590387c6') in 0.019838 seconds 
  Import took 0.024199 seconds .

========================================================================
Received Import Request.
  Time since last request: 2355.956075 seconds.
  path: Assets/PreFabs
  artifactKey: Guid(b7da3d2c0771043359fb97dd4767b3f4) Importer(815301076,1909f56bfc062723c751e8b465ee728b)
Start importing Assets/PreFabs using Guid(b7da3d2c0771043359fb97dd4767b3f4) Importer(815301076,1909f56bfc062723c751e8b465ee728b)  -> (artifact id: '4cf2c426b156d47323f5e2774ce13f62') in 0.012645 seconds 
  Import took 0.018502 seconds .

========================================================================
Received Import Request.
  Time since last request: 0.066055 seconds.
  path: Assets/PreFabs/ATM 1.prefab
  artifactKey: Guid(bf6fb6468d33a46f1b0374fca90f937c) Importer(815301076,1909f56bfc062723c751e8b465ee728b)
Start importing Assets/PreFabs/ATM 1.prefab using Guid(bf6fb6468d33a46f1b0374fca90f937c) Importer(815301076,1909f56bfc062723c751e8b465ee728b)  -> (artifact id: '831c198a23272165ac33ed02b50a684b') in 0.067508 seconds 
  Import took 0.072176 seconds .

========================================================================
Received Import Request.
  Time since last request: 0.000316 seconds.
  path: Assets/PreFabs/credit cart 1.prefab
  artifactKey: Guid(79d50f3b28ca44427bc3244d5ad9fa59) Importer(815301076,1909f56bfc062723c751e8b465ee728b)
Start importing Assets/PreFabs/credit cart 1.prefab using Guid(79d50f3b28ca44427bc3244d5ad9fa59) Importer(815301076,1909f56bfc062723c751e8b465ee728b)  -> (artifact id: '093065d1a0c1d3a0f4470073f79c2423') in 0.032908 seconds 
  Import took 0.036531 seconds .

========================================================================
Received Import Request.
  Time since last request: 0.000458 seconds.
  path: Assets/PreFabs/CrediCart.prefab
  artifactKey: Guid(f1c5437010ef244aaa6c6402872b8933) Importer(815301076,1909f56bfc062723c751e8b465ee728b)
Start importing Assets/PreFabs/CrediCart.prefab using Guid(f1c5437010ef244aaa6c6402872b8933) Importer(815301076,1909f56bfc062723c751e8b465ee728b)  -> (artifact id: '3f5c83d20013a29cfdf601bb105515f2') in 0.046447 seconds 
  Import took 0.051415 seconds .

========================================================================
Received Import Request.
  Time since last request: 0.000738 seconds.
  path: Assets/PreFabs/door.prefab
  artifactKey: Guid(8af7328b264494b7684d615087eb6100) Importer(815301076,1909f56bfc062723c751e8b465ee728b)
Start importing Assets/PreFabs/door.prefab using Guid(8af7328b264494b7684d615087eb6100) Importer(815301076,1909f56bfc062723c751e8b465ee728b)  -> (artifact id: '895f71009efe303e3fdfa21505587186') in 0.042187 seconds 
  Import took 0.047043 seconds .

========================================================================
Received Import Request.
  Time since last request: 0.000472 seconds.
  path: Assets/PreFabs/atm.prefab
  artifactKey: Guid(dd9a9750426a743eea3c1bf8dd41df69) Importer(815301076,1909f56bfc062723c751e8b465ee728b)
Start importing Assets/PreFabs/atm.prefab using Guid(dd9a9750426a743eea3c1bf8dd41df69) Importer(815301076,1909f56bfc062723c751e8b465ee728b)  -> (artifact id: '21ce933b4f31c3fbea98cf238afd21b6') in 0.021789 seconds 
  Import took 0.027512 seconds .

========================================================================
Received Import Request.
  Time since last request: 0.000540 seconds.
  path: Assets/PreFabs/collactable.prefab
  artifactKey: Guid(ef01cc8e0f01140f48009436d33afd40) Importer(815301076,1909f56bfc062723c751e8b465ee728b)
Start importing Assets/PreFabs/collactable.prefab using Guid(ef01cc8e0f01140f48009436d33afd40) Importer(815301076,1909f56bfc062723c751e8b465ee728b)  -> (artifact id: 'f935de879607e983f3cc49de3919a9c7') in 0.024273 seconds 
  Import took 0.029963 seconds .

========================================================================
Received Import Request.
  Time since last request: 0.000326 seconds.
  path: Assets/PreFabs/Collactables.prefab
  artifactKey: Guid(291ec438a84f7498cb44122ef524013d) Importer(815301076,1909f56bfc062723c751e8b465ee728b)
Start importing Assets/PreFabs/Collactables.prefab using Guid(291ec438a84f7498cb44122ef524013d) Importer(815301076,1909f56bfc062723c751e8b465ee728b)  -> (artifact id: 'df00d1c2b73a1cc5ea222db0a8d8606c') in 0.028284 seconds 
  Import took 0.032368 seconds .

========================================================================
Received Import Request.
  Time since last request: 0.000400 seconds.
  path: Assets/PreFabs/Sarkac 1.prefab
  artifactKey: Guid(b7ab747c766e945bd8e3cb33c94dfbde) Importer(815301076,1909f56bfc062723c751e8b465ee728b)
Start importing Assets/PreFabs/Sarkac 1.prefab using Guid(b7ab747c766e945bd8e3cb33c94dfbde) Importer(815301076,1909f56bfc062723c751e8b465ee728b)  -> (artifact id: 'cdf33573b83c42755f910d972de9463d') in 0.028064 seconds 
  Import took 0.032033 seconds .

========================================================================
Received Import Request.
  Time since last request: 0.000274 seconds.
  path: Assets/PreFabs/Money.prefab
  artifactKey: Guid(2e59bea82713f4d31a3b9e30cbd98ef7) Importer(815301076,1909f56bfc062723c751e8b465ee728b)
Start importing Assets/PreFabs/Money.prefab using Guid(2e59bea82713f4d31a3b9e30cbd98ef7) Importer(815301076,1909f56bfc062723c751e8b465ee728b)  -> (artifact id: '3d13469d6d586d5df8672e63cff29a79') in 0.027145 seconds 
  Import took 0.032661 seconds .

========================================================================
Received Import Request.
  Time since last request: 0.000411 seconds.
  path: Assets/PreFabs/Development_Gate.prefab
  artifactKey: Guid(4e96fa09d34634e56b6c67bc64f53d50) Importer(815301076,1909f56bfc062723c751e8b465ee728b)
Start importing Assets/PreFabs/Development_Gate.prefab using Guid(4e96fa09d34634e56b6c67bc64f53d50) Importer(815301076,1909f56bfc062723c751e8b465ee728b)  -> (artifact id: 'dbd1dc26a42f33b796aedc5055943635') in 0.039850 seconds 
  Import took 0.045158 seconds .

========================================================================
Received Import Request.
  Time since last request: 0.000481 seconds.
  path: Assets/PreFabs/sarkac.prefab
  artifactKey: Guid(0848feac0185f4806ac47d440f4a913b) Importer(815301076,1909f56bfc062723c751e8b465ee728b)
Start importing Assets/PreFabs/sarkac.prefab using Guid(0848feac0185f4806ac47d440f4a913b) Importer(815301076,1909f56bfc062723c751e8b465ee728b)  -> (artifact id: '1a330bf4af71d33e45f4311c143bb610') in 0.020916 seconds 
  Import took 0.025910 seconds .

========================================================================
Received Import Request.
  Time since last request: 165.035119 seconds.
  path: ProjectSettings/TagManager.asset
  artifactKey: Guid(00000000000000003000000000000000) Importer(815301076,1909f56bfc062723c751e8b465ee728b)
Start importing ProjectSettings/TagManager.asset using Guid(00000000000000003000000000000000) Importer(815301076,1909f56bfc062723c751e8b465ee728b)  -> (artifact id: '82b5f685a84d60d6945ba6db596b0eae') in 0.010357 seconds 
  Import took 0.014071 seconds .

========================================================================
Received Import Request.
  Time since last request: 37.526617 seconds.
  path: Assets/PreFabs/collactable 1.prefab
  artifactKey: Guid(14a8183f88939904cb63b1ccbbe928a5) Importer(815301076,1909f56bfc062723c751e8b465ee728b)
Start importing Assets/PreFabs/collactable 1.prefab using Guid(14a8183f88939904cb63b1ccbbe928a5) Importer(815301076,1909f56bfc062723c751e8b465ee728b)  -> (artifact id: 'e08daefe1ddf32c6b2625998ae87ce04') in 0.059735 seconds 
  Import took 0.065849 seconds .

========================================================================
Received Prepare
Registering precompiled user dll's ...
Registered in 0.006489 seconds.
Begin MonoManager ReloadAssembly
Native extension for WindowsStandalone target not found
Refreshing native plugins compatible for Editor in 0.71 ms, found 5 plugins.
Preloading 0 native plugins for Editor in 0.00 ms.
Mono: successfully reloaded assembly
- Completed reload, in  1.360 seconds
Domain Reload Profiling:
	ReloadAssembly (1360ms)
		BeginReloadAssembly (215ms)
			ExecutionOrderSort (0ms)
			DisableScriptedObjects (5ms)
			BackupInstance (0ms)
			ReleaseScriptingObjects (1ms)
			CreateAndSetChildDomain (74ms)
		EndReloadAssembly (1062ms)
			LoadAssemblies (152ms)
			RebuildTransferFunctionScriptingTraits (0ms)
			SetupTypeCache (434ms)
			ReleaseScriptCaches (1ms)
			RebuildScriptCaches (62ms)
			SetupLoadedEditorAssemblies (322ms)
				LogAssemblyErrors (0ms)
				InitializePlatformSupportModulesInManaged (8ms)
				SetLoadedEditorAssemblies (1ms)
				RefreshPlugins (1ms)
				BeforeProcessingInitializeOnLoad (112ms)
				ProcessInitializeOnLoadAttributes (184ms)
				ProcessInitializeOnLoadMethodAttributes (9ms)
				AfterProcessingInitializeOnLoad (7ms)
				EditorAssembliesLoaded (0ms)
			ExecutionOrderSort2 (0ms)
			AwakeInstancesAfterBackupRestoration (6ms)
Platform modules already initialized, skipping
Refreshing native plugins compatible for Editor in 0.58 ms, found 5 plugins.
Preloading 0 native plugins for Editor in 0.00 ms.
Unloading 1956 Unused Serialized files (Serialized files now loaded: 0)
System memory in use before: 100.7 MB.
System memory in use after: 100.8 MB.

Unloading 26 unused Assets to reduce memory usage. Loaded Objects now: 2494.
Total: 3.010500 ms (FindLiveObjects: 0.188700 ms CreateObjectMapping: 0.059900 ms MarkObjects: 2.739100 ms  DeleteObjects: 0.022000 ms)

AssetImportParameters requested are different than current active one (requested -> active):
  custom:framework-win-MediaFoundation: 216162199b28c13a410421893ffa2e32 -> 
  custom:video-decoder-ogg-theora: a1e56fd34408186e4bbccfd4996cb3dc -> 
  custom:container-muxer-webm: aa71ff27fc2769a1b78a27578f13a17b -> 
  custom:container-demuxer-webm: 4f35f7cbe854078d1ac9338744f61a02 -> 
  custom:container-demuxer-ogg: 62fdf1f143b41e24485cea50d1cbac27 -> 
  custom:video-encoder-webm-vp8: eb34c28f22e8b96e1ab97ce403110664 -> 
  custom:video-decoder-webm-vp8: 9c59270c3fd7afecdb556c50c9e8de78 -> 
  custom:audio-decoder-ogg-vorbis: bf7c407c2cedff20999df2af8eb42d56 -> 
  custom:audio-encoder-webm-vorbis: bf7c407c2cedff20999df2af8eb42d56 -> 
========================================================================
Received Prepare
Registering precompiled user dll's ...
Registered in 0.008143 seconds.
Begin MonoManager ReloadAssembly
Native extension for WindowsStandalone target not found
Refreshing native plugins compatible for Editor in 0.83 ms, found 5 plugins.
Preloading 0 native plugins for Editor in 0.00 ms.
Mono: successfully reloaded assembly
- Completed reload, in  1.150 seconds
Domain Reload Profiling:
	ReloadAssembly (1150ms)
		BeginReloadAssembly (125ms)
			ExecutionOrderSort (0ms)
			DisableScriptedObjects (5ms)
			BackupInstance (0ms)
			ReleaseScriptingObjects (0ms)
			CreateAndSetChildDomain (33ms)
		EndReloadAssembly (948ms)
			LoadAssemblies (104ms)
			RebuildTransferFunctionScriptingTraits (0ms)
			SetupTypeCache (355ms)
			ReleaseScriptCaches (2ms)
			RebuildScriptCaches (55ms)
			SetupLoadedEditorAssemblies (313ms)
				LogAssemblyErrors (0ms)
				InitializePlatformSupportModulesInManaged (8ms)
				SetLoadedEditorAssemblies (1ms)
				RefreshPlugins (1ms)
				BeforeProcessingInitializeOnLoad (106ms)
				ProcessInitializeOnLoadAttributes (182ms)
				ProcessInitializeOnLoadMethodAttributes (9ms)
				AfterProcessingInitializeOnLoad (6ms)
				EditorAssembliesLoaded (0ms)
			ExecutionOrderSort2 (0ms)
			AwakeInstancesAfterBackupRestoration (6ms)
Platform modules already initialized, skipping
Refreshing native plugins compatible for Editor in 0.59 ms, found 5 plugins.
Preloading 0 native plugins for Editor in 0.00 ms.
Unloading 1956 Unused Serialized files (Serialized files now loaded: 0)
System memory in use before: 100.7 MB.
System memory in use after: 100.8 MB.

Unloading 24 unused Assets to reduce memory usage. Loaded Objects now: 2496.
Total: 3.054600 ms (FindLiveObjects: 0.194900 ms CreateObjectMapping: 0.064000 ms MarkObjects: 2.771900 ms  DeleteObjects: 0.022900 ms)

AssetImportParameters requested are different than current active one (requested -> active):
  custom:framework-win-MediaFoundation: 216162199b28c13a410421893ffa2e32 -> 
  custom:video-decoder-ogg-theora: a1e56fd34408186e4bbccfd4996cb3dc -> 
  custom:container-muxer-webm: aa71ff27fc2769a1b78a27578f13a17b -> 
  custom:container-demuxer-webm: 4f35f7cbe854078d1ac9338744f61a02 -> 
  custom:container-demuxer-ogg: 62fdf1f143b41e24485cea50d1cbac27 -> 
  custom:video-encoder-webm-vp8: eb34c28f22e8b96e1ab97ce403110664 -> 
  custom:video-decoder-webm-vp8: 9c59270c3fd7afecdb556c50c9e8de78 -> 
  custom:audio-decoder-ogg-vorbis: bf7c407c2cedff20999df2af8eb42d56 -> 
  custom:audio-encoder-webm-vorbis: bf7c407c2cedff20999df2af8eb42d56 -> 
========================================================================
Received Import Request.
  Time since last request: 406.166346 seconds.
  path: Assets/Animations/xbot@Sitting.fbx
  artifactKey: Guid(75cd9820571765248b2f70f7b1a58faa) Importer(815301076,1909f56bfc062723c751e8b465ee728b)
Start importing Assets/Animations/xbot@Sitting.fbx using Guid(75cd9820571765248b2f70f7b1a58faa) Importer(815301076,1909f56bfc062723c751e8b465ee728b)  -> (artifact id: '01ac511ed8e6be2d1943ba768932e438') in 0.038279 seconds 
  Import took 0.045154 seconds .

========================================================================
Received Import Request.
  Time since last request: 26.304597 seconds.
  path: Assets/Animations/xbot@Sitting.fbx
  artifactKey: Guid(75cd9820571765248b2f70f7b1a58faa) Importer(815301076,1909f56bfc062723c751e8b465ee728b)
Start importing Assets/Animations/xbot@Sitting.fbx using Guid(75cd9820571765248b2f70f7b1a58faa) Importer(815301076,1909f56bfc062723c751e8b465ee728b)  -> (artifact id: 'ed928f0465132c06acbacb2f94707ef1') in 0.010598 seconds 
  Import took 0.014767 seconds .

========================================================================
Received Import Request.
  Time since last request: 5.523771 seconds.
  path: Assets/Animations/xbot@Sitting.fbx
  artifactKey: Guid(75cd9820571765248b2f70f7b1a58faa) Importer(815301076,1909f56bfc062723c751e8b465ee728b)
Start importing Assets/Animations/xbot@Sitting.fbx using Guid(75cd9820571765248b2f70f7b1a58faa) Importer(815301076,1909f56bfc062723c751e8b465ee728b)  -> (artifact id: '97c31b822697cf05f6ee4bbd8cecdd88') in 0.013147 seconds 
  Import took 0.016889 seconds .

========================================================================
Received Import Request.
  Time since last request: 12.426047 seconds.
  path: Assets/ATMRushAssets/chartecter.controller
  artifactKey: Guid(6443f1c070be24e5dae92d31e563e0d4) Importer(815301076,1909f56bfc062723c751e8b465ee728b)
Start importing Assets/ATMRushAssets/chartecter.controller using Guid(6443f1c070be24e5dae92d31e563e0d4) Importer(815301076,1909f56bfc062723c751e8b465ee728b)  -> (artifact id: '0893da577847cb6c18dd2f7737d84218') in 0.025580 seconds 
  Import took 0.032268 seconds .

========================================================================
Received Import Request.
  Time since last request: 27.694977 seconds.
  path: Assets/TransparantDoor.mat
  artifactKey: Guid(e69a4a7a0f462414bba0a6b4fce9cc6c) Importer(815301076,1909f56bfc062723c751e8b465ee728b)
Start importing Assets/TransparantDoor.mat using Guid(e69a4a7a0f462414bba0a6b4fce9cc6c) Importer(815301076,1909f56bfc062723c751e8b465ee728b)  -> (artifact id: 'e37581b7c184ba94fc368476192fdad9') in 0.605486 seconds 
  Import took 0.610929 seconds .

========================================================================
Received Import Request.
  Time since last request: 6.640309 seconds.
  path: Assets/ATMRushAssets/Atm_Rush_Character_Animation.fbx
  artifactKey: Guid(09cc157142fb6433795275ec1874873a) Importer(815301076,1909f56bfc062723c751e8b465ee728b)
Start importing Assets/ATMRushAssets/Atm_Rush_Character_Animation.fbx using Guid(09cc157142fb6433795275ec1874873a) Importer(815301076,1909f56bfc062723c751e8b465ee728b)  -> (artifact id: 'fcd85acb3f41edeb29db57034eec5ab6') in 0.225684 seconds 
  Import took 0.233616 seconds .

========================================================================
Received Import Request.
  Time since last request: 69.540041 seconds.
  path: Assets/ATMRushAssets/Armature_ıdle.anim
  artifactKey: Guid(817644099c9c9413aa68091592d6bbbc) Importer(815301076,1909f56bfc062723c751e8b465ee728b)
Start importing Assets/ATMRushAssets/Armature_ıdle.anim using Guid(817644099c9c9413aa68091592d6bbbc) Importer(815301076,1909f56bfc062723c751e8b465ee728b)  -> (artifact id: '704906dd51d0bde0a4113012f48f5582') in 0.022945 seconds 
  Import took 0.026926 seconds .

========================================================================
Received Import Request.
  Time since last request: 27.980860 seconds.
  path: Assets/ATMRushAssets/Armature_Speedy_Run.anim
  artifactKey: Guid(eceea4df8d24044479cefcb45ce5a169) Importer(815301076,1909f56bfc062723c751e8b465ee728b)
Start importing Assets/ATMRushAssets/Armature_Speedy_Run.anim using Guid(eceea4df8d24044479cefcb45ce5a169) Importer(815301076,1909f56bfc062723c751e8b465ee728b)  -> (artifact id: '32dddc00f56361cd9f3486ce84b1aa36') in 0.018041 seconds 
  Import took 0.022625 seconds .

========================================================================
Received Import Request.
  Time since last request: 40.766830 seconds.
  path: Assets/ATMRushAssets/Atm_Rush_Character_Animation.fbx
  artifactKey: Guid(09cc157142fb6433795275ec1874873a) Importer(815301076,1909f56bfc062723c751e8b465ee728b)
Start importing Assets/ATMRushAssets/Atm_Rush_Character_Animation.fbx using Guid(09cc157142fb6433795275ec1874873a) Importer(815301076,1909f56bfc062723c751e8b465ee728b)  -> (artifact id: '40f08bfa592be9f264f8398006fd0987') in 0.307815 seconds 
  Import took 0.315306 seconds .

========================================================================
Received Prepare
Registering precompiled user dll's ...
Registered in 0.007323 seconds.
Begin MonoManager ReloadAssembly
Native extension for WindowsStandalone target not found
Refreshing native plugins compatible for Editor in 0.47 ms, found 5 plugins.
Preloading 0 native plugins for Editor in 0.00 ms.
Mono: successfully reloaded assembly
- Completed reload, in  1.108 seconds
Domain Reload Profiling:
	ReloadAssembly (1109ms)
		BeginReloadAssembly (125ms)
			ExecutionOrderSort (0ms)
			DisableScriptedObjects (5ms)
			BackupInstance (0ms)
			ReleaseScriptingObjects (0ms)
			CreateAndSetChildDomain (38ms)
		EndReloadAssembly (907ms)
			LoadAssemblies (95ms)
			RebuildTransferFunctionScriptingTraits (0ms)
			SetupTypeCache (329ms)
			ReleaseScriptCaches (1ms)
			RebuildScriptCaches (59ms)
			SetupLoadedEditorAssemblies (307ms)
				LogAssemblyErrors (0ms)
				InitializePlatformSupportModulesInManaged (8ms)
				SetLoadedEditorAssemblies (0ms)
				RefreshPlugins (1ms)
				BeforeProcessingInitializeOnLoad (92ms)
				ProcessInitializeOnLoadAttributes (191ms)
				ProcessInitializeOnLoadMethodAttributes (9ms)
				AfterProcessingInitializeOnLoad (6ms)
				EditorAssembliesLoaded (0ms)
			ExecutionOrderSort2 (0ms)
			AwakeInstancesAfterBackupRestoration (6ms)
Platform modules already initialized, skipping
Refreshing native plugins compatible for Editor in 0.55 ms, found 5 plugins.
Preloading 0 native plugins for Editor in 0.00 ms.
Unloading 1956 Unused Serialized files (Serialized files now loaded: 0)
System memory in use before: 100.6 MB.
System memory in use after: 100.7 MB.

Unloading 25 unused Assets to reduce memory usage. Loaded Objects now: 2499.
Total: 2.863400 ms (FindLiveObjects: 0.192400 ms CreateObjectMapping: 0.060900 ms MarkObjects: 2.587700 ms  DeleteObjects: 0.021200 ms)

AssetImportParameters requested are different than current active one (requested -> active):
  custom:framework-win-MediaFoundation: 216162199b28c13a410421893ffa2e32 -> 
  custom:video-decoder-ogg-theora: a1e56fd34408186e4bbccfd4996cb3dc -> 
  custom:container-muxer-webm: aa71ff27fc2769a1b78a27578f13a17b -> 
  custom:container-demuxer-webm: 4f35f7cbe854078d1ac9338744f61a02 -> 
  custom:container-demuxer-ogg: 62fdf1f143b41e24485cea50d1cbac27 -> 
  custom:video-encoder-webm-vp8: eb34c28f22e8b96e1ab97ce403110664 -> 
  custom:video-decoder-webm-vp8: 9c59270c3fd7afecdb556c50c9e8de78 -> 
  custom:audio-decoder-ogg-vorbis: bf7c407c2cedff20999df2af8eb42d56 -> 
  custom:audio-encoder-webm-vorbis: bf7c407c2cedff20999df2af8eb42d56 -> 
========================================================================
Received Prepare
Registering precompiled user dll's ...
Registered in 0.005879 seconds.
Begin MonoManager ReloadAssembly
Native extension for WindowsStandalone target not found
Refreshing native plugins compatible for Editor in 0.72 ms, found 5 plugins.
Preloading 0 native plugins for Editor in 0.00 ms.
Mono: successfully reloaded assembly
- Completed reload, in  1.205 seconds
Domain Reload Profiling:
	ReloadAssembly (1205ms)
		BeginReloadAssembly (118ms)
			ExecutionOrderSort (0ms)
			DisableScriptedObjects (6ms)
			BackupInstance (0ms)
			ReleaseScriptingObjects (0ms)
			CreateAndSetChildDomain (38ms)
		EndReloadAssembly (1004ms)
			LoadAssemblies (105ms)
			RebuildTransferFunctionScriptingTraits (0ms)
			SetupTypeCache (381ms)
			ReleaseScriptCaches (1ms)
			RebuildScriptCaches (50ms)
			SetupLoadedEditorAssemblies (354ms)
				LogAssemblyErrors (0ms)
				InitializePlatformSupportModulesInManaged (7ms)
				SetLoadedEditorAssemblies (1ms)
				RefreshPlugins (1ms)
				BeforeProcessingInitializeOnLoad (118ms)
				ProcessInitializeOnLoadAttributes (210ms)
				ProcessInitializeOnLoadMethodAttributes (10ms)
				AfterProcessingInitializeOnLoad (7ms)
				EditorAssembliesLoaded (0ms)
			ExecutionOrderSort2 (0ms)
			AwakeInstancesAfterBackupRestoration (7ms)
Platform modules already initialized, skipping
Refreshing native plugins compatible for Editor in 0.61 ms, found 5 plugins.
Preloading 0 native plugins for Editor in 0.00 ms.
Unloading 1956 Unused Serialized files (Serialized files now loaded: 0)
System memory in use before: 100.7 MB.
System memory in use after: 100.8 MB.

Unloading 24 unused Assets to reduce memory usage. Loaded Objects now: 2501.
Total: 4.525100 ms (FindLiveObjects: 0.191800 ms CreateObjectMapping: 0.059900 ms MarkObjects: 4.228700 ms  DeleteObjects: 0.043200 ms)

AssetImportParameters requested are different than current active one (requested -> active):
  custom:framework-win-MediaFoundation: 216162199b28c13a410421893ffa2e32 -> 
  custom:video-decoder-ogg-theora: a1e56fd34408186e4bbccfd4996cb3dc -> 
  custom:container-muxer-webm: aa71ff27fc2769a1b78a27578f13a17b -> 
  custom:container-demuxer-webm: 4f35f7cbe854078d1ac9338744f61a02 -> 
  custom:container-demuxer-ogg: 62fdf1f143b41e24485cea50d1cbac27 -> 
  custom:video-encoder-webm-vp8: eb34c28f22e8b96e1ab97ce403110664 -> 
  custom:video-decoder-webm-vp8: 9c59270c3fd7afecdb556c50c9e8de78 -> 
  custom:audio-decoder-ogg-vorbis: bf7c407c2cedff20999df2af8eb42d56 -> 
  custom:audio-encoder-webm-vorbis: bf7c407c2cedff20999df2af8eb42d56 -> 
========================================================================
Received Prepare
Registering precompiled user dll's ...
Registered in 0.005819 seconds.
Begin MonoManager ReloadAssembly
Native extension for WindowsStandalone target not found
Refreshing native plugins compatible for Editor in 0.47 ms, found 5 plugins.
Preloading 0 native plugins for Editor in 0.00 ms.
Mono: successfully reloaded assembly
- Completed reload, in  1.158 seconds
Domain Reload Profiling:
	ReloadAssembly (1159ms)
		BeginReloadAssembly (141ms)
			ExecutionOrderSort (0ms)
			DisableScriptedObjects (5ms)
			BackupInstance (0ms)
			ReleaseScriptingObjects (0ms)
			CreateAndSetChildDomain (36ms)
		EndReloadAssembly (943ms)
			LoadAssemblies (117ms)
			RebuildTransferFunctionScriptingTraits (0ms)
			SetupTypeCache (333ms)
			ReleaseScriptCaches (1ms)
			RebuildScriptCaches (40ms)
			SetupLoadedEditorAssemblies (371ms)
				LogAssemblyErrors (0ms)
				InitializePlatformSupportModulesInManaged (5ms)
				SetLoadedEditorAssemblies (0ms)
				RefreshPlugins (1ms)
				BeforeProcessingInitializeOnLoad (108ms)
				ProcessInitializeOnLoadAttributes (241ms)
				ProcessInitializeOnLoadMethodAttributes (9ms)
				AfterProcessingInitializeOnLoad (7ms)
				EditorAssembliesLoaded (0ms)
			ExecutionOrderSort2 (0ms)
			AwakeInstancesAfterBackupRestoration (6ms)
Platform modules already initialized, skipping
Refreshing native plugins compatible for Editor in 0.50 ms, found 5 plugins.
Preloading 0 native plugins for Editor in 0.00 ms.
Unloading 1956 Unused Serialized files (Serialized files now loaded: 0)
System memory in use before: 100.7 MB.
System memory in use after: 100.8 MB.

Unloading 24 unused Assets to reduce memory usage. Loaded Objects now: 2503.
Total: 3.032200 ms (FindLiveObjects: 0.193300 ms CreateObjectMapping: 0.059600 ms MarkObjects: 2.762100 ms  DeleteObjects: 0.016400 ms)

AssetImportParameters requested are different than current active one (requested -> active):
  custom:framework-win-MediaFoundation: 216162199b28c13a410421893ffa2e32 -> 
  custom:video-decoder-ogg-theora: a1e56fd34408186e4bbccfd4996cb3dc -> 
  custom:container-muxer-webm: aa71ff27fc2769a1b78a27578f13a17b -> 
  custom:container-demuxer-webm: 4f35f7cbe854078d1ac9338744f61a02 -> 
  custom:container-demuxer-ogg: 62fdf1f143b41e24485cea50d1cbac27 -> 
  custom:video-encoder-webm-vp8: eb34c28f22e8b96e1ab97ce403110664 -> 
  custom:video-decoder-webm-vp8: 9c59270c3fd7afecdb556c50c9e8de78 -> 
  custom:audio-decoder-ogg-vorbis: bf7c407c2cedff20999df2af8eb42d56 -> 
  custom:audio-encoder-webm-vorbis: bf7c407c2cedff20999df2af8eb42d56 -> 
========================================================================
Received Prepare
Registering precompiled user dll's ...
Registered in 0.007006 seconds.
Begin MonoManager ReloadAssembly
Native extension for WindowsStandalone target not found
Refreshing native plugins compatible for Editor in 0.68 ms, found 5 plugins.
Preloading 0 native plugins for Editor in 0.00 ms.
Mono: successfully reloaded assembly
- Completed reload, in  1.550 seconds
Domain Reload Profiling:
	ReloadAssembly (1550ms)
		BeginReloadAssembly (109ms)
			ExecutionOrderSort (0ms)
			DisableScriptedObjects (5ms)
			BackupInstance (0ms)
			ReleaseScriptingObjects (0ms)
			CreateAndSetChildDomain (32ms)
		EndReloadAssembly (1370ms)
			LoadAssemblies (95ms)
			RebuildTransferFunctionScriptingTraits (0ms)
			SetupTypeCache (451ms)
			ReleaseScriptCaches (1ms)
			RebuildScriptCaches (75ms)
			SetupLoadedEditorAssemblies (542ms)
				LogAssemblyErrors (0ms)
				InitializePlatformSupportModulesInManaged (8ms)
				SetLoadedEditorAssemblies (1ms)
				RefreshPlugins (1ms)
				BeforeProcessingInitializeOnLoad (153ms)
				ProcessInitializeOnLoadAttributes (345ms)
				ProcessInitializeOnLoadMethodAttributes (20ms)
				AfterProcessingInitializeOnLoad (13ms)
				EditorAssembliesLoaded (0ms)
			ExecutionOrderSort2 (0ms)
			AwakeInstancesAfterBackupRestoration (13ms)
Platform modules already initialized, skipping
Refreshing native plugins compatible for Editor in 0.82 ms, found 5 plugins.
Preloading 0 native plugins for Editor in 0.00 ms.
Unloading 1956 Unused Serialized files (Serialized files now loaded: 0)
System memory in use before: 100.7 MB.
System memory in use after: 100.8 MB.

Unloading 24 unused Assets to reduce memory usage. Loaded Objects now: 2505.
Total: 5.876800 ms (FindLiveObjects: 0.301000 ms CreateObjectMapping: 0.111800 ms MarkObjects: 5.400300 ms  DeleteObjects: 0.061900 ms)

AssetImportParameters requested are different than current active one (requested -> active):
  custom:framework-win-MediaFoundation: 216162199b28c13a410421893ffa2e32 -> 
  custom:video-decoder-ogg-theora: a1e56fd34408186e4bbccfd4996cb3dc -> 
  custom:container-muxer-webm: aa71ff27fc2769a1b78a27578f13a17b -> 
  custom:container-demuxer-webm: 4f35f7cbe854078d1ac9338744f61a02 -> 
  custom:container-demuxer-ogg: 62fdf1f143b41e24485cea50d1cbac27 -> 
  custom:video-encoder-webm-vp8: eb34c28f22e8b96e1ab97ce403110664 -> 
  custom:video-decoder-webm-vp8: 9c59270c3fd7afecdb556c50c9e8de78 -> 
  custom:audio-decoder-ogg-vorbis: bf7c407c2cedff20999df2af8eb42d56 -> 
  custom:audio-encoder-webm-vorbis: bf7c407c2cedff20999df2af8eb42d56 -> 
========================================================================
Received Prepare
Registering precompiled user dll's ...
Registered in 0.008228 seconds.
Begin MonoManager ReloadAssembly
Native extension for WindowsStandalone target not found
Refreshing native plugins compatible for Editor in 0.65 ms, found 5 plugins.
Preloading 0 native plugins for Editor in 0.00 ms.
Mono: successfully reloaded assembly
- Completed reload, in  1.123 seconds
Domain Reload Profiling:
	ReloadAssembly (1123ms)
		BeginReloadAssembly (120ms)
			ExecutionOrderSort (0ms)
			DisableScriptedObjects (4ms)
			BackupInstance (0ms)
			ReleaseScriptingObjects (0ms)
			CreateAndSetChildDomain (32ms)
		EndReloadAssembly (936ms)
			LoadAssemblies (104ms)
			RebuildTransferFunctionScriptingTraits (0ms)
			SetupTypeCache (347ms)
			ReleaseScriptCaches (1ms)
			RebuildScriptCaches (53ms)
			SetupLoadedEditorAssemblies (328ms)
				LogAssemblyErrors (0ms)
				InitializePlatformSupportModulesInManaged (7ms)
				SetLoadedEditorAssemblies (0ms)
				RefreshPlugins (1ms)
				BeforeProcessingInitializeOnLoad (101ms)
				ProcessInitializeOnLoadAttributes (203ms)
				ProcessInitializeOnLoadMethodAttributes (9ms)
				AfterProcessingInitializeOnLoad (6ms)
				EditorAssembliesLoaded (0ms)
			ExecutionOrderSort2 (0ms)
			AwakeInstancesAfterBackupRestoration (8ms)
Platform modules already initialized, skipping
Refreshing native plugins compatible for Editor in 0.84 ms, found 5 plugins.
Preloading 0 native plugins for Editor in 0.00 ms.
Unloading 1956 Unused Serialized files (Serialized files now loaded: 0)
System memory in use before: 100.7 MB.
System memory in use after: 100.8 MB.

Unloading 24 unused Assets to reduce memory usage. Loaded Objects now: 2507.
Total: 5.046100 ms (FindLiveObjects: 0.396600 ms CreateObjectMapping: 0.141000 ms MarkObjects: 4.454500 ms  DeleteObjects: 0.052900 ms)

AssetImportParameters requested are different than current active one (requested -> active):
  custom:framework-win-MediaFoundation: 216162199b28c13a410421893ffa2e32 -> 
  custom:video-decoder-ogg-theora: a1e56fd34408186e4bbccfd4996cb3dc -> 
  custom:container-muxer-webm: aa71ff27fc2769a1b78a27578f13a17b -> 
  custom:container-demuxer-webm: 4f35f7cbe854078d1ac9338744f61a02 -> 
  custom:container-demuxer-ogg: 62fdf1f143b41e24485cea50d1cbac27 -> 
  custom:video-encoder-webm-vp8: eb34c28f22e8b96e1ab97ce403110664 -> 
  custom:video-decoder-webm-vp8: 9c59270c3fd7afecdb556c50c9e8de78 -> 
  custom:audio-decoder-ogg-vorbis: bf7c407c2cedff20999df2af8eb42d56 -> 
  custom:audio-encoder-webm-vorbis: bf7c407c2cedff20999df2af8eb42d56 -> 
========================================================================
Received Prepare
Registering precompiled user dll's ...
Registered in 0.006301 seconds.
Begin MonoManager ReloadAssembly
Native extension for WindowsStandalone target not found
Refreshing native plugins compatible for Editor in 0.64 ms, found 5 plugins.
Preloading 0 native plugins for Editor in 0.00 ms.
Mono: successfully reloaded assembly
- Completed reload, in  1.204 seconds
Domain Reload Profiling:
	ReloadAssembly (1205ms)
		BeginReloadAssembly (122ms)
			ExecutionOrderSort (0ms)
			DisableScriptedObjects (5ms)
			BackupInstance (0ms)
			ReleaseScriptingObjects (0ms)
			CreateAndSetChildDomain (34ms)
		EndReloadAssembly (1000ms)
			LoadAssemblies (107ms)
			RebuildTransferFunctionScriptingTraits (0ms)
			SetupTypeCache (370ms)
			ReleaseScriptCaches (1ms)
			RebuildScriptCaches (48ms)
			SetupLoadedEditorAssemblies (352ms)
				LogAssemblyErrors (0ms)
				InitializePlatformSupportModulesInManaged (5ms)
				SetLoadedEditorAssemblies (0ms)
				RefreshPlugins (1ms)
				BeforeProcessingInitializeOnLoad (108ms)
				ProcessInitializeOnLoadAttributes (221ms)
				ProcessInitializeOnLoadMethodAttributes (10ms)
				AfterProcessingInitializeOnLoad (7ms)
				EditorAssembliesLoaded (0ms)
			ExecutionOrderSort2 (0ms)
			AwakeInstancesAfterBackupRestoration (6ms)
Platform modules already initialized, skipping
Refreshing native plugins compatible for Editor in 0.53 ms, found 5 plugins.
Preloading 0 native plugins for Editor in 0.00 ms.
Unloading 1956 Unused Serialized files (Serialized files now loaded: 0)
System memory in use before: 100.6 MB.
System memory in use after: 100.8 MB.

Unloading 24 unused Assets to reduce memory usage. Loaded Objects now: 2509.
Total: 2.659800 ms (FindLiveObjects: 0.175400 ms CreateObjectMapping: 0.067500 ms MarkObjects: 2.353800 ms  DeleteObjects: 0.062300 ms)

AssetImportParameters requested are different than current active one (requested -> active):
  custom:framework-win-MediaFoundation: 216162199b28c13a410421893ffa2e32 -> 
  custom:video-decoder-ogg-theora: a1e56fd34408186e4bbccfd4996cb3dc -> 
  custom:container-muxer-webm: aa71ff27fc2769a1b78a27578f13a17b -> 
  custom:container-demuxer-webm: 4f35f7cbe854078d1ac9338744f61a02 -> 
  custom:container-demuxer-ogg: 62fdf1f143b41e24485cea50d1cbac27 -> 
  custom:video-encoder-webm-vp8: eb34c28f22e8b96e1ab97ce403110664 -> 
  custom:video-decoder-webm-vp8: 9c59270c3fd7afecdb556c50c9e8de78 -> 
  custom:audio-decoder-ogg-vorbis: bf7c407c2cedff20999df2af8eb42d56 -> 
  custom:audio-encoder-webm-vorbis: bf7c407c2cedff20999df2af8eb42d56 -> 
AssetImportWorkerClient::OnTransportError - code=2 error=End of file
